Using pre-set license
Built from '2023.2/staging' branch; Version is '2023.2.18f1 (1cb755715f58) revision 1881941'; Using compiler version '193431935'; Build Type 'Release'
OS: 'Windows 10  (10.0.19045) 64bit Professional' Language: 'uk' Physical Memory: 16288 MB
BatchMode: 1, IsHumanControllingUs: 0, StartBugReporterOnCrash: 0, Is64bit: 1, IsPro: 1

COMMAND LINE ARGUMENTS:
D:\Unity\Editors\2023.2.18f1\Editor\Unity.exe
-adb2
-batchMode
-noUpm
-name
AssetImportWorker4
-projectPath
D:/SoftTeam/Repozitories/MyProject_8_FarmDrive/FarmDrive
-logFile
Logs/AssetImportWorker4.log
-srvPort
61682
-job-worker-count
7
-background-job-worker-count
8
-asset-garbage-collectors
1
Successfully changed project path to: D:/SoftTeam/Repozitories/MyProject_8_FarmDrive/FarmDrive
D:/SoftTeam/Repozitories/MyProject_8_FarmDrive/FarmDrive
[UnityMemory] Configuration Parameters - Can be set up in boot.config
    "memorysetup-bucket-allocator-granularity=16"
    "memorysetup-bucket-allocator-bucket-count=8"
    "memorysetup-bucket-allocator-block-size=33554432"
    "memorysetup-bucket-allocator-block-count=8"
    "memorysetup-main-allocator-block-size=16777216"
    "memorysetup-thread-allocator-block-size=16777216"
    "memorysetup-gfx-main-allocator-block-size=16777216"
    "memorysetup-gfx-thread-allocator-block-size=16777216"
    "memorysetup-cache-allocator-block-size=4194304"
    "memorysetup-typetree-allocator-block-size=2097152"
    "memorysetup-profiler-bucket-allocator-granularity=16"
    "memorysetup-profiler-bucket-allocator-bucket-count=8"
    "memorysetup-profiler-bucket-allocator-block-size=33554432"
    "memorysetup-profiler-bucket-allocator-block-count=8"
    "memorysetup-profiler-allocator-block-size=16777216"
    "memorysetup-profiler-editor-allocator-block-size=1048576"
    "memorysetup-temp-allocator-size-main=16777216"
    "memorysetup-job-temp-allocator-block-size=2097152"
    "memorysetup-job-temp-allocator-block-size-background=1048576"
    "memorysetup-job-temp-allocator-reduction-small-platforms=262144"
    "memorysetup-allocator-temp-initial-block-size-main=262144"
    "memorysetup-allocator-temp-initial-block-size-worker=262144"
    "memorysetup-temp-allocator-size-background-worker=32768"
    "memorysetup-temp-allocator-size-job-worker=262144"
    "memorysetup-temp-allocator-size-preload-manager=33554432"
    "memorysetup-temp-allocator-size-nav-mesh-worker=65536"
    "memorysetup-temp-allocator-size-audio-worker=65536"
    "memorysetup-temp-allocator-size-cloud-worker=32768"
    "memorysetup-temp-allocator-size-gi-baking-worker=262144"
    "memorysetup-temp-allocator-size-gi-baking-worker=262144"
    "memorysetup-temp-allocator-size-gi-baking-worker=262144"
    "memorysetup-temp-allocator-size-gi-baking-worker=262144"
    "memorysetup-temp-allocator-size-gfx=262144"
Player connection [22364] Host "[IP] 192.168.1.105 [Port] 0 [Flags] 2 [Guid] 1558502032 [EditorId] 1558502032 [Version] 1048832 [Id] WindowsEditor(7,DESKTOP-M5RIVGM) [Debug] 1 [PackageName] WindowsEditor [ProjectName] Editor" joined multi-casting on [225.0.0.222:54997]...
Player connection [22364] Host "[IP] 192.168.1.105 [Port] 0 [Flags] 2 [Guid] 1558502032 [EditorId] 1558502032 [Version] 1048832 [Id] WindowsEditor(7,DESKTOP-M5RIVGM) [Debug] 1 [PackageName] WindowsEditor [ProjectName] Editor" joined alternative multi-casting on [225.0.0.222:34997]...
JobSystem: Creating JobQueue using job-worker-count value 7
[Physics::Module] Initialized MultithreadedJobDispatcher with 7 workers.
Library Redirect Path: Library/
Refreshing native plugins compatible for Editor in 1.46 ms, found 4 plugins.
Preloading 0 native plugins for Editor in 0.00 ms.
Initialize engine version: 2023.2.18f1 (1cb755715f58)
[Subsystems] Discovering subsystems at path D:/Unity/Editors/2023.2.18f1/Editor/Data/Resources/UnitySubsystems
[Subsystems] Discovering subsystems at path D:/SoftTeam/Repozitories/MyProject_8_FarmDrive/FarmDrive/Assets
GfxDevice: creating device client; kGfxThreadingModeNonThreaded
Direct3D:
    Version:  Direct3D 11.0 [level 11.1]
    Renderer: NVIDIA GeForce RTX 3070 (ID=0x2488)
    Vendor:   NVIDIA
    VRAM:     8018 MB
    Driver:   32.0.15.6636
Initialize mono
Mono path[0] = 'D:/Unity/Editors/2023.2.18f1/Editor/Data/Managed'
Mono path[1] = 'D:/Unity/Editors/2023.2.18f1/Editor/Data/MonoBleedingEdge/lib/mono/unityjit-win32'
Mono config path = 'D:/Unity/Editors/2023.2.18f1/Editor/Data/MonoBleedingEdge/etc'
Using monoOptions --debugger-agent=transport=dt_socket,embedding=1,server=y,suspend=n,address=127.0.0.1:56940
Begin MonoManager ReloadAssembly
C:\build\output\Unity-Technologies\mono\mono\metadata\icall.c:1842:
C:\build\output\Unity-Technologies\mono\mono\metadata\icall.c:1842:
C:\build\output\Unity-Technologies\mono\mono\metadata\icall.c:1842:
C:\build\output\Unity-Technologies\mono\mono\metadata\icall.c:1842:
C:\build\output\Unity-Technologies\mono\mono\metadata\icall.c:1842:
C:\build\output\Unity-Technologies\mono\mono\metadata\icall.c:1842:
C:\build\output\Unity-Technologies\mono\mono\metadata\icall.c:1842:
C:\build\output\Unity-Technologies\mono\mono\metadata\icall.c:1842:
C:\build\output\Unity-Technologies\mono\mono\metadata\icall.c:1842:
C:\build\output\Unity-Technologies\mono\mono\metadata\icall.c:1842:
Registering precompiled unity dll's ...
Register platform support module: D:/Unity/Editors/2023.2.18f1/Editor/Data/PlaybackEngines/WebGLSupport/UnityEditor.WebGL.Extensions.dll
Register platform support module: D:/Unity/Editors/2023.2.18f1/Editor/Data/PlaybackEngines/MacStandaloneSupport/UnityEditor.OSXStandalone.Extensions.dll
Register platform support module: D:/Unity/Editors/2023.2.18f1/Editor/Data/PlaybackEngines/WindowsStandaloneSupport/UnityEditor.WindowsStandalone.Extensions.dll
Register platform support module: D:/Unity/Editors/2023.2.18f1/Editor/Data/PlaybackEngines/MetroSupport/UnityEditor.UWP.Extensions.dll
Register platform support module: D:/Unity/Editors/2023.2.18f1/Editor/Data/PlaybackEngines/AndroidPlayer/UnityEditor.Android.Extensions.dll
Register platform support module: D:/Unity/Editors/2023.2.18f1/Editor/Data/PlaybackEngines/iOSSupport/UnityEditor.iOS.Extensions.dll
Register platform support module: D:/Unity/Editors/2023.2.18f1/Editor/Data/PlaybackEngines/AppleTVSupport/UnityEditor.AppleTV.Extensions.dll
Register platform support module: D:/Unity/Editors/2023.2.18f1/Editor/Data/PlaybackEngines/LinuxStandaloneSupport/UnityEditor.LinuxStandalone.Extensions.dll
Registered in 0.006162 seconds.
- Loaded All Assemblies, in  0.320 seconds
Native extension for LinuxStandalone target not found
[usbmuxd] Start listen thread
[usbmuxd] Listen thread started
Native extension for AppleTV target not found
[usbmuxd] Start listen thread
[usbmuxd] Listen thread started
Native extension for iOS target not found
Native extension for Android target not found
Android Extension - Scanning For ADB Devices 205 ms
Native extension for UWP target not found
Native extension for WindowsStandalone target not found
Native extension for OSXStandalone target not found
Native extension for WebGL target not found
Mono: successfully reloaded assembly
C:\build\output\Unity-Technologies\mono\mono\metadata\icall.c:1842:
C:\build\output\Unity-Technologies\mono\mono\metadata\icall.c:1842:
- Finished resetting the current domain, in  0.516 seconds
Domain Reload Profiling: 835ms
	BeginReloadAssembly (106ms)
		ExecutionOrderSort (0ms)
		DisableScriptedObjects (0ms)
		BackupInstance (0ms)
		ReleaseScriptingObjects (0ms)
		CreateAndSetChildDomain (1ms)
	RebuildCommonClasses (32ms)
	RebuildNativeTypeToScriptingClass (10ms)
	initialDomainReloadingComplete (43ms)
	LoadAllAssembliesAndSetupDomain (128ms)
		LoadAssemblies (106ms)
		RebuildTransferFunctionScriptingTraits (0ms)
		AnalyzeDomain (125ms)
			TypeCache.Refresh (124ms)
				TypeCache.ScanAssembly (113ms)
			BuildScriptInfoCaches (0ms)
			ResolveRequiredComponents (0ms)
	FinalizeReload (516ms)
		ReleaseScriptCaches (0ms)
		RebuildScriptCaches (0ms)
		SetupLoadedEditorAssemblies (474ms)
			LogAssemblyErrors (0ms)
			InitializePlatformSupportModulesInManaged (311ms)
			SetLoadedEditorAssemblies (3ms)
			BeforeProcessingInitializeOnLoad (4ms)
			ProcessInitializeOnLoadAttributes (117ms)
			ProcessInitializeOnLoadMethodAttributes (39ms)
			AfterProcessingInitializeOnLoad (0ms)
			EditorAssembliesLoaded (0ms)
		ExecutionOrderSort2 (0ms)
		AwakeInstancesAfterBackupRestoration (0ms)
========================================================================
Worker process is ready to serve import requests
Import Worker Mode flag is 0x00
Begin MonoManager ReloadAssembly
C:\build\output\Unity-Technologies\mono\mono\metadata\icall.c:1842:
C:\build\output\Unity-Technologies\mono\mono\metadata\icall.c:1842:
C:\build\output\Unity-Technologies\mono\mono\metadata\icall.c:1842:
C:\build\output\Unity-Technologies\mono\mono\metadata\icall.c:1842:
C:\build\output\Unity-Technologies\mono\mono\metadata\icall.c:1842:
C:\build\output\Unity-Technologies\mono\mono\metadata\icall.c:1842:
C:\build\output\Unity-Technologies\mono\mono\metadata\icall.c:1842:
C:\build\output\Unity-Technologies\mono\mono\metadata\icall.c:1842:
C:\build\output\Unity-Technologies\mono\mono\metadata\icall.c:1842:
C:\build\output\Unity-Technologies\mono\mono\metadata\icall.c:1842:
C:\build\output\Unity-Technologies\mono\mono\metadata\icall.c:1842:
C:\build\output\Unity-Technologies\mono\mono\metadata\icall.c:1842:
- Loaded All Assemblies, in  0.721 seconds
Refreshing native plugins compatible for Editor in 0.82 ms, found 4 plugins.
Native extension for LinuxStandalone target not found
Native extension for AppleTV target not found
Native extension for iOS target not found
Native extension for Android target not found
Native extension for UWP target not found
Native extension for WindowsStandalone target not found
Native extension for OSXStandalone target not found
Native extension for WebGL target not found
Package Manager log level set to [2]
[Package Manager] Failed to launch server process. Reason: Unity was launched with the -noUpm command-line argument
[Package Manager] Unable to send message (not connected to server process).
[Package Manager] Cannot connect to Unity Package Manager local server
Mono: successfully reloaded assembly
- Finished resetting the current domain, in  0.506 seconds
Domain Reload Profiling: 1226ms
	BeginReloadAssembly (297ms)
		ExecutionOrderSort (0ms)
		DisableScriptedObjects (5ms)
		BackupInstance (0ms)
		ReleaseScriptingObjects (0ms)
		CreateAndSetChildDomain (30ms)
	RebuildCommonClasses (28ms)
	RebuildNativeTypeToScriptingClass (9ms)
	initialDomainReloadingComplete (34ms)
	LoadAllAssembliesAndSetupDomain (352ms)
		LoadAssemblies (288ms)
		RebuildTransferFunctionScriptingTraits (0ms)
		AnalyzeDomain (151ms)
			TypeCache.Refresh (117ms)
				TypeCache.ScanAssembly (104ms)
			BuildScriptInfoCaches (27ms)
			ResolveRequiredComponents (4ms)
	FinalizeReload (507ms)
		ReleaseScriptCaches (0ms)
		RebuildScriptCaches (0ms)
		SetupLoadedEditorAssemblies (347ms)
			LogAssemblyErrors (0ms)
			InitializePlatformSupportModulesInManaged (23ms)
			SetLoadedEditorAssemblies (4ms)
			BeforeProcessingInitializeOnLoad (39ms)
			ProcessInitializeOnLoadAttributes (250ms)
			ProcessInitializeOnLoadMethodAttributes (28ms)
			AfterProcessingInitializeOnLoad (2ms)
			EditorAssembliesLoaded (0ms)
		ExecutionOrderSort2 (0ms)
		AwakeInstancesAfterBackupRestoration (6ms)
Launched and connected shader compiler UnityShaderCompiler.exe after 0.01 seconds
Refreshing native plugins compatible for Editor in 1.13 ms, found 4 plugins.
Preloading 0 native plugins for Editor in 0.00 ms.
Unloading 27 Unused Serialized files (Serialized files now loaded: 0)
Unloading 4174 unused Assets / (1.4 MB). Loaded Objects now: 4788.
Memory consumption went from 114.4 MB to 113.0 MB.
Total: 6.807100 ms (FindLiveObjects: 0.429300 ms CreateObjectMapping: 0.437100 ms MarkObjects: 4.631100 ms  DeleteObjects: 1.309000 ms)

========================================================================
Received Import Request.
  Time since last request: 1571214.290266 seconds.
  path: Assets/GUI/btn_blue.png
  artifactKey: Guid(932465747e83cc846926359f032ef79c) Importer(815301076,1909f56bfc062723c751e8b465ee728b)
Start importing Assets/GUI/btn_blue.png using Guid(932465747e83cc846926359f032ef79c) Importer(815301076,1909f56bfc062723c751e8b465ee728b) (PreviewImporter) -> (artifact id: 'a65b45b00e0421937c4df48a445c04ba') in 0.0865659 seconds
Number of updated asset objects reloaded before import = 0Number of asset objects unloaded after import = 3

========================================================================
Received Import Request.
  Time since last request: 12.486144 seconds.
  path: Assets/GUI/btn_blue.png
  artifactKey: Guid(932465747e83cc846926359f032ef79c) Importer(815301076,1909f56bfc062723c751e8b465ee728b)
Start importing Assets/GUI/btn_blue.png using Guid(932465747e83cc846926359f032ef79c) Importer(815301076,1909f56bfc062723c751e8b465ee728b) (PreviewImporter) -> (artifact id: '6e3b0e567394fe1ff48bc3cb76882305') in 0.0163552 seconds
Number of updated asset objects reloaded before import = 0Number of asset objects unloaded after import = 3

========================================================================
Received Import Request.
  Time since last request: 91.235675 seconds.
  path: Assets/GUI/frame.png
  artifactKey: Guid(35f83e9f088c9204ba4727e00684ffba) Importer(815301076,1909f56bfc062723c751e8b465ee728b)
Start importing Assets/GUI/frame.png using Guid(35f83e9f088c9204ba4727e00684ffba) Importer(815301076,1909f56bfc062723c751e8b465ee728b) (PreviewImporter) -> (artifact id: '5a480a4a0bfe5598fad0a58ceaadc779') in 0.0181661 seconds
Number of updated asset objects reloaded before import = 0Number of asset objects unloaded after import = 3

========================================================================
Received Import Request.
  Time since last request: 8.506838 seconds.
  path: Assets/GUI/frame.png
  artifactKey: Guid(35f83e9f088c9204ba4727e00684ffba) Importer(815301076,1909f56bfc062723c751e8b465ee728b)
Start importing Assets/GUI/frame.png using Guid(35f83e9f088c9204ba4727e00684ffba) Importer(815301076,1909f56bfc062723c751e8b465ee728b) (PreviewImporter) -> (artifact id: 'b0c8942a259722615fa10f017a5de6e7') in 0.0146151 seconds
Number of updated asset objects reloaded before import = 0Number of asset objects unloaded after import = 3

========================================================================
Received Import Request.
  Time since last request: 3.092264 seconds.
  path: Assets/GUI/frame.png
  artifactKey: Guid(35f83e9f088c9204ba4727e00684ffba) Importer(815301076,1909f56bfc062723c751e8b465ee728b)
Start importing Assets/GUI/frame.png using Guid(35f83e9f088c9204ba4727e00684ffba) Importer(815301076,1909f56bfc062723c751e8b465ee728b) (PreviewImporter) -> (artifact id: '9dbb58ccf3c29a179d196349171284b0') in 0.0150744 seconds
Number of updated asset objects reloaded before import = 0Number of asset objects unloaded after import = 3

========================================================================
Received Import Request.
  Time since last request: 6.264865 seconds.
  path: Assets/GUI/frame.png
  artifactKey: Guid(35f83e9f088c9204ba4727e00684ffba) Importer(815301076,1909f56bfc062723c751e8b465ee728b)
Start importing Assets/GUI/frame.png using Guid(35f83e9f088c9204ba4727e00684ffba) Importer(815301076,1909f56bfc062723c751e8b465ee728b) (PreviewImporter) -> (artifact id: 'f73cede0a4b2535716351037a1ad2c49') in 0.0189194 seconds
Number of updated asset objects reloaded before import = 0Number of asset objects unloaded after import = 3

========================================================================
Received Import Request.
  Time since last request: 95.338003 seconds.
  path: Assets/GUI/btn_circle.png
  artifactKey: Guid(8c26df861d071c8469135b16fff9f736) Importer(815301076,1909f56bfc062723c751e8b465ee728b)
Start importing Assets/GUI/btn_circle.png using Guid(8c26df861d071c8469135b16fff9f736) Importer(815301076,1909f56bfc062723c751e8b465ee728b) (PreviewImporter) -> (artifact id: '14171cfa3be77083c732369886442612') in 0.0493289 seconds
Number of updated asset objects reloaded before import = 0Number of asset objects unloaded after import = 3

========================================================================
Received Import Request.
  Time since last request: 12.080742 seconds.
  path: Assets/GUI/btn_circle.png
  artifactKey: Guid(8c26df861d071c8469135b16fff9f736) Importer(815301076,1909f56bfc062723c751e8b465ee728b)
Start importing Assets/GUI/btn_circle.png using Guid(8c26df861d071c8469135b16fff9f736) Importer(815301076,1909f56bfc062723c751e8b465ee728b) (PreviewImporter) -> (artifact id: 'ddc91e0841de58e1b01ab67af40c532a') in 0.0182105 seconds
Number of updated asset objects reloaded before import = 0Number of asset objects unloaded after import = 3

========================================================================
Received Import Request.
  Time since last request: 71.745949 seconds.
  path: Assets/GUI/icon_dailty.png
  artifactKey: Guid(9edcf5e8890d5ef4ebed007b97637e9b) Importer(815301076,1909f56bfc062723c751e8b465ee728b)
Start importing Assets/GUI/icon_dailty.png using Guid(9edcf5e8890d5ef4ebed007b97637e9b) Importer(815301076,1909f56bfc062723c751e8b465ee728b) (PreviewImporter) -> (artifact id: '50fe080894264c4c92c7aac33c43d6c9') in 0.0174422 seconds
Number of updated asset objects reloaded before import = 0Number of asset objects unloaded after import = 3

========================================================================
Received Import Request.
  Time since last request: 15.912823 seconds.
  path: Assets/GUI/icon_dailty.png
  artifactKey: Guid(9edcf5e8890d5ef4ebed007b97637e9b) Importer(815301076,1909f56bfc062723c751e8b465ee728b)
Start importing Assets/GUI/icon_dailty.png using Guid(9edcf5e8890d5ef4ebed007b97637e9b) Importer(815301076,1909f56bfc062723c751e8b465ee728b) (PreviewImporter) -> (artifact id: '574590e5b51aaa355b6b965db81a4d1b') in 0.0141551 seconds
Number of updated asset objects reloaded before import = 0Number of asset objects unloaded after import = 3

========================================================================
Received Import Request.
  Time since last request: 172.940335 seconds.
  path: Assets/GUI/icon_set.png
  artifactKey: Guid(9d9dfef4efcc05447a357cd47df7cab3) Importer(815301076,1909f56bfc062723c751e8b465ee728b)
Start importing Assets/GUI/icon_set.png using Guid(9d9dfef4efcc05447a357cd47df7cab3) Importer(815301076,1909f56bfc062723c751e8b465ee728b) (PreviewImporter) -> (artifact id: '70b7579960c57c29fc19d0624d8ccd2d') in 0.0156027 seconds
Number of updated asset objects reloaded before import = 0Number of asset objects unloaded after import = 3

========================================================================
Received Import Request.
  Time since last request: 21.553482 seconds.
  path: Assets/GUI/icon_set.png
  artifactKey: Guid(9d9dfef4efcc05447a357cd47df7cab3) Importer(815301076,1909f56bfc062723c751e8b465ee728b)
Start importing Assets/GUI/icon_set.png using Guid(9d9dfef4efcc05447a357cd47df7cab3) Importer(815301076,1909f56bfc062723c751e8b465ee728b) (PreviewImporter) -> (artifact id: 'ed045c7a765d41ee14ce572eff31ab73') in 0.0150528 seconds
Number of updated asset objects reloaded before import = 0Number of asset objects unloaded after import = 3

========================================================================
Received Import Request.
  Time since last request: 7.094310 seconds.
  path: Assets/GUI/icon_shop.png
  artifactKey: Guid(2b07ca040227202438c61f723a8e58fb) Importer(815301076,1909f56bfc062723c751e8b465ee728b)
Start importing Assets/GUI/icon_shop.png using Guid(2b07ca040227202438c61f723a8e58fb) Importer(815301076,1909f56bfc062723c751e8b465ee728b) (PreviewImporter) -> (artifact id: '510110f29441879049b6447883e7a035') in 0.0179678 seconds
Number of updated asset objects reloaded before import = 0Number of asset objects unloaded after import = 3

========================================================================
Received Import Request.
  Time since last request: 73.308178 seconds.
  path: Assets/GUI/popup.png
  artifactKey: Guid(7b1f194b22d86544e870d1c5a3c1884a) Importer(815301076,1909f56bfc062723c751e8b465ee728b)
Start importing Assets/GUI/popup.png using Guid(7b1f194b22d86544e870d1c5a3c1884a) Importer(815301076,1909f56bfc062723c751e8b465ee728b) (PreviewImporter) -> (artifact id: '49293d35e45f88aa4b213de62499d87b') in 0.0298893 seconds
Number of updated asset objects reloaded before import = 0Number of asset objects unloaded after import = 3

========================================================================
Received Import Request.
  Time since last request: 7.781332 seconds.
  path: Assets/GUI/popup.png
  artifactKey: Guid(7b1f194b22d86544e870d1c5a3c1884a) Importer(815301076,1909f56bfc062723c751e8b465ee728b)
Start importing Assets/GUI/popup.png using Guid(7b1f194b22d86544e870d1c5a3c1884a) Importer(815301076,1909f56bfc062723c751e8b465ee728b) (PreviewImporter) -> (artifact id: '1925bd9df1a5de750f63cd1135568eed') in 0.0161409 seconds
Number of updated asset objects reloaded before import = 0Number of asset objects unloaded after import = 3

========================================================================
Received Import Request.
  Time since last request: 14.320681 seconds.
  path: Assets/GUI/AlbedoBase_XL_A_cheerful_3D_cartoon_farmer_in_Pixarstyle_weari_0 (1).png
  artifactKey: Guid(3d37f60c1a9e6c84295632470e0779fa) Importer(815301076,1909f56bfc062723c751e8b465ee728b)
Start importing Assets/GUI/AlbedoBase_XL_A_cheerful_3D_cartoon_farmer_in_Pixarstyle_weari_0 (1).png using Guid(3d37f60c1a9e6c84295632470e0779fa) Importer(815301076,1909f56bfc062723c751e8b465ee728b) (PreviewImporter) -> (artifact id: 'a8aa1a288822e93fabc2b5d7c86ad06c') in 0.0159492 seconds
Number of updated asset objects reloaded before import = 0Number of asset objects unloaded after import = 3

========================================================================
Received Import Request.
  Time since last request: 70.925847 seconds.
  path: Assets/GUI/btn.png
  artifactKey: Guid(e2318a98bd51efb4499e6cda127455e9) Importer(815301076,1909f56bfc062723c751e8b465ee728b)
Start importing Assets/GUI/btn.png using Guid(e2318a98bd51efb4499e6cda127455e9) Importer(815301076,1909f56bfc062723c751e8b465ee728b) (PreviewImporter) -> (artifact id: 'd9076f34ef6d749cb3ae56fac5e28c0c') in 0.0207118 seconds
Number of updated asset objects reloaded before import = 0Number of asset objects unloaded after import = 3

========================================================================
Received Import Request.
  Time since last request: 35.073690 seconds.
  path: Assets/GUI/btn.png
  artifactKey: Guid(e2318a98bd51efb4499e6cda127455e9) Importer(815301076,1909f56bfc062723c751e8b465ee728b)
Start importing Assets/GUI/btn.png using Guid(e2318a98bd51efb4499e6cda127455e9) Importer(815301076,1909f56bfc062723c751e8b465ee728b) (PreviewImporter) -> (artifact id: '2021942a96c4123115be1a6b233b3bd0') in 0.0180262 seconds
Number of updated asset objects reloaded before import = 0Number of asset objects unloaded after import = 3

========================================================================
Received Import Request.
  Time since last request: 74.278102 seconds.
  path: Assets/GUI/frame_wood.png
  artifactKey: Guid(d95e2ab5e92d68945869113853e75a46) Importer(815301076,1909f56bfc062723c751e8b465ee728b)
Start importing Assets/GUI/frame_wood.png using Guid(d95e2ab5e92d68945869113853e75a46) Importer(815301076,1909f56bfc062723c751e8b465ee728b) (PreviewImporter) -> (artifact id: '3371ff536664454c8f230868cf7145b2') in 0.02708 seconds
Number of updated asset objects reloaded before import = 0Number of asset objects unloaded after import = 3

========================================================================
Received Import Request.
  Time since last request: 15.338341 seconds.
  path: Assets/GUI/frame_wood.png
  artifactKey: Guid(d95e2ab5e92d68945869113853e75a46) Importer(815301076,1909f56bfc062723c751e8b465ee728b)
Start importing Assets/GUI/frame_wood.png using Guid(d95e2ab5e92d68945869113853e75a46) Importer(815301076,1909f56bfc062723c751e8b465ee728b) (PreviewImporter) -> (artifact id: 'fdd8f74c9415e34c59c906fdb4c29d04') in 0.0190093 seconds
Number of updated asset objects reloaded before import = 0Number of asset objects unloaded after import = 3

========================================================================
Received Import Request.
  Time since last request: 99.951201 seconds.
  path: Assets/GUI/frame_red.png
  artifactKey: Guid(4feca6a1491387f41bac1deac27bd9a3) Importer(815301076,1909f56bfc062723c751e8b465ee728b)
Start importing Assets/GUI/frame_red.png using Guid(4feca6a1491387f41bac1deac27bd9a3) Importer(815301076,1909f56bfc062723c751e8b465ee728b) (PreviewImporter) -> (artifact id: '7473d82ed12066d1c46b4570140177a2') in 0.0210861 seconds
Number of updated asset objects reloaded before import = 0Number of asset objects unloaded after import = 3

========================================================================
Received Import Request.
  Time since last request: 18.309379 seconds.
  path: Assets/GUI/frame_red.png
  artifactKey: Guid(4feca6a1491387f41bac1deac27bd9a3) Importer(815301076,1909f56bfc062723c751e8b465ee728b)
Start importing Assets/GUI/frame_red.png using Guid(4feca6a1491387f41bac1deac27bd9a3) Importer(815301076,1909f56bfc062723c751e8b465ee728b) (PreviewImporter) -> (artifact id: 'a4bf1c2ed6e436b3340917c5d14d93a7') in 0.013607 seconds
Number of updated asset objects reloaded before import = 0Number of asset objects unloaded after import = 3

========================================================================
Received Import Request.
  Time since last request: 2.572227 seconds.
  path: Assets/GUI/frame_red.png
  artifactKey: Guid(4feca6a1491387f41bac1deac27bd9a3) Importer(815301076,1909f56bfc062723c751e8b465ee728b)
Start importing Assets/GUI/frame_red.png using Guid(4feca6a1491387f41bac1deac27bd9a3) Importer(815301076,1909f56bfc062723c751e8b465ee728b) (PreviewImporter) -> (artifact id: '53b3dbe684311ad2a92ee883dfa2fbea') in 0.0076261 seconds
Number of updated asset objects reloaded before import = 0Number of asset objects unloaded after import = 3

========================================================================
Received Import Request.
  Time since last request: 2.424128 seconds.
  path: Assets/GUI/frame_red.png
  artifactKey: Guid(4feca6a1491387f41bac1deac27bd9a3) Importer(815301076,1909f56bfc062723c751e8b465ee728b)
Start importing Assets/GUI/frame_red.png using Guid(4feca6a1491387f41bac1deac27bd9a3) Importer(815301076,1909f56bfc062723c751e8b465ee728b) (PreviewImporter) -> (artifact id: '99da2882bcebb2062d4e53c6412d807d') in 0.0110831 seconds
Number of updated asset objects reloaded before import = 0Number of asset objects unloaded after import = 3

========================================================================
Received Import Request.
  Time since last request: 50.473457 seconds.
  path: Assets/GUI/frame_green.png
  artifactKey: Guid(19757b8e7bfcd3644b321b993f90ee6b) Importer(815301076,1909f56bfc062723c751e8b465ee728b)
Start importing Assets/GUI/frame_green.png using Guid(19757b8e7bfcd3644b321b993f90ee6b) Importer(815301076,1909f56bfc062723c751e8b465ee728b) (PreviewImporter) -> (artifact id: '1e1edebaea1b962fd3d18b33ad2b421d') in 0.0131425 seconds
Number of updated asset objects reloaded before import = 0Number of asset objects unloaded after import = 3

========================================================================
Received Import Request.
  Time since last request: 12.541480 seconds.
  path: Assets/GUI/frame_green.png
  artifactKey: Guid(19757b8e7bfcd3644b321b993f90ee6b) Importer(815301076,1909f56bfc062723c751e8b465ee728b)
Start importing Assets/GUI/frame_green.png using Guid(19757b8e7bfcd3644b321b993f90ee6b) Importer(815301076,1909f56bfc062723c751e8b465ee728b) (PreviewImporter) -> (artifact id: 'b511cee6eb16ce03a247489b189b0ac8') in 0.0152245 seconds
Number of updated asset objects reloaded before import = 0Number of asset objects unloaded after import = 3

========================================================================
Received Import Request.
  Time since last request: 8.878597 seconds.
  path: Assets/GUI/Tractors/tractor_3.png
  artifactKey: Guid(aafbeccdf864fe94993cf3c8df1bd33d) Importer(815301076,1909f56bfc062723c751e8b465ee728b)
Start importing Assets/GUI/Tractors/tractor_3.png using Guid(aafbeccdf864fe94993cf3c8df1bd33d) Importer(815301076,1909f56bfc062723c751e8b465ee728b) (PreviewImporter) -> (artifact id: 'daef79b8148127f5da25fdb31c256535') in 0.0329422 seconds
Number of updated asset objects reloaded before import = 0Number of asset objects unloaded after import = 3

========================================================================
Received Import Request.
  Time since last request: 7.440007 seconds.
  path: Assets/GUI/Tractors/tractor_1.png
  artifactKey: Guid(1ad4dab120e3d1d46b93de4f477da6a1) Importer(815301076,1909f56bfc062723c751e8b465ee728b)
Start importing Assets/GUI/Tractors/tractor_1.png using Guid(1ad4dab120e3d1d46b93de4f477da6a1) Importer(815301076,1909f56bfc062723c751e8b465ee728b) (PreviewImporter) -> (artifact id: '8d1b235bd95c088abb61aa793761389f') in 0.0308749 seconds
Number of updated asset objects reloaded before import = 0Number of asset objects unloaded after import = 3

========================================================================
Received Import Request.
  Time since last request: 0.000021 seconds.
  path: Assets/GUI/Tractors/tractor_6.png
  artifactKey: Guid(1610d9ffa99e2e74f911cc2c306a7c9f) Importer(815301076,1909f56bfc062723c751e8b465ee728b)
Start importing Assets/GUI/Tractors/tractor_6.png using Guid(1610d9ffa99e2e74f911cc2c306a7c9f) Importer(815301076,1909f56bfc062723c751e8b465ee728b) (PreviewImporter) -> (artifact id: 'a1560514fa4b8a8ab918824f20a0b6f9') in 0.0322996 seconds
Number of updated asset objects reloaded before import = 0Number of asset objects unloaded after import = 3

========================================================================
Received Import Request.
  Time since last request: 0.000018 seconds.
  path: Assets/GUI/Tractors/tractor_8.png
  artifactKey: Guid(9ec863c82225c5240b089db54b570687) Importer(815301076,1909f56bfc062723c751e8b465ee728b)
Start importing Assets/GUI/Tractors/tractor_8.png using Guid(9ec863c82225c5240b089db54b570687) Importer(815301076,1909f56bfc062723c751e8b465ee728b) (PreviewImporter) -> (artifact id: '905f33f0dc7154e740694943522e7995') in 0.0264287 seconds
Number of updated asset objects reloaded before import = 0Number of asset objects unloaded after import = 3

========================================================================
Received Import Request.
  Time since last request: 0.000018 seconds.
  path: Assets/GUI/Tractors/tractor_9.png
  artifactKey: Guid(d5a32d55fa0fe394280bd7fb6cfd1998) Importer(815301076,1909f56bfc062723c751e8b465ee728b)
Start importing Assets/GUI/Tractors/tractor_9.png using Guid(d5a32d55fa0fe394280bd7fb6cfd1998) Importer(815301076,1909f56bfc062723c751e8b465ee728b) (PreviewImporter) -> (artifact id: '40ee5cedde9b1dd643e9b135421bdae7') in 0.070548 seconds
Number of updated asset objects reloaded before import = 0Number of asset objects unloaded after import = 3

========================================================================
Received Import Request.
  Time since last request: 0.000016 seconds.
  path: Assets/GUI/Tractors/tractor_4.png
  artifactKey: Guid(45ae029f05df54146aad4a27f34f2f19) Importer(815301076,1909f56bfc062723c751e8b465ee728b)
Start importing Assets/GUI/Tractors/tractor_4.png using Guid(45ae029f05df54146aad4a27f34f2f19) Importer(815301076,1909f56bfc062723c751e8b465ee728b) (PreviewImporter) -> (artifact id: '7295bc238814f79b2efd41525ac1e5d5') in 0.055748 seconds
Number of updated asset objects reloaded before import = 0Number of asset objects unloaded after import = 3

========================================================================
Received Import Request.
  Time since last request: 10.165767 seconds.
  path: Assets/GUI/tut/tut_1.png
  artifactKey: Guid(53158548bf528c443a2ebc3965c94509) Importer(815301076,1909f56bfc062723c751e8b465ee728b)
Start importing Assets/GUI/tut/tut_1.png using Guid(53158548bf528c443a2ebc3965c94509) Importer(815301076,1909f56bfc062723c751e8b465ee728b) (PreviewImporter) -> (artifact id: 'd7f1ad5a1a8cdc7270bc9f2ce7060276') in 0.0310103 seconds
Number of updated asset objects reloaded before import = 0Number of asset objects unloaded after import = 3

========================================================================
Received Import Request.
  Time since last request: 4.047725 seconds.
  path: Assets/GUI/tut/tut_1.png
  artifactKey: Guid(53158548bf528c443a2ebc3965c94509) Importer(815301076,1909f56bfc062723c751e8b465ee728b)
Start importing Assets/GUI/tut/tut_1.png using Guid(53158548bf528c443a2ebc3965c94509) Importer(815301076,1909f56bfc062723c751e8b465ee728b) (PreviewImporter) -> (artifact id: 'ff90b2791290ffa42934dd7d95512133') in 0.0232193 seconds
Number of updated asset objects reloaded before import = 0Number of asset objects unloaded after import = 3

Editor requested this worker to shutdown with reason: Scaling down because of idle timeout
AssetImportWorker is now disconnected from the server
Process exiting
Exiting without the bug reporter. Application will terminate with return code 0